app/build/outputs/logs/manifest-merger-debug-report.txt
-- Merging decision tree log ---
manifest
ADDED from src\main\AndroidManifest.xml:17:1-40:12
INJECTED from src\main\AndroidManifest.xml:17:1-40:12
INJECTED from src\main\AndroidManifest.xml:17:1-40:12
	package
		ADDED from src\main\AndroidManifest.xml:18:9-45
		INJECTED from src\main\AndroidManifest.xml
		INJECTED from src\main\AndroidManifest.xml
	xmlns:android
		ADDED from src\main\AndroidManifest.xml:17:11-69
uses-permission#android.permission.FOREGROUND_SERVICE
ADDED from src\main\AndroidManifest.xml:20:5-76
	android:name
		ADDED from src\main\AndroidManifest.xml:20:22-74
uses-permission#android.permission.INTERNET
ADDED from src\main\AndroidManifest.xml:21:5-66
	android:name
		ADDED from src\main\AndroidManifest.xml:21:22-64
application
ADDED from src\main\AndroidManifest.xml:23:5-39:19
	android:label
		ADDED from src\main\AndroidManifest.xml:23:18-45
activity#com.example.android.toyvpn.ToyVpnClient
ADDED from src\main\AndroidManifest.xml:25:9-31:20
	android:configChanges
		ADDED from src\main\AndroidManifest.xml:26:17-67
	android:name
		ADDED from src\main\AndroidManifest.xml:25:19-47
intent-filter#action:name:android.intent.action.MAIN+category:name:android.intent.category.LAUNCHER
ADDED from src\main\AndroidManifest.xml:27:13-30:29
action#android.intent.action.MAIN
ADDED from src\main\AndroidManifest.xml:28:17-68
	android:name
		ADDED from src\main\AndroidManifest.xml:28:25-66
category#android.intent.category.LAUNCHER
ADDED from src\main\AndroidManifest.xml:29:17-76
	android:name
		ADDED from src\main\AndroidManifest.xml:29:27-74
service#com.example.android.toyvpn.ToyVpnService
ADDED from src\main\AndroidManifest.xml:33:9-38:19
	android:permission
		ADDED from src\main\AndroidManifest.xml:34:17-73
	android:name
		ADDED from src\main\AndroidManifest.xml:33:18-47
intent-filter#action:name:android.net.VpnService
ADDED from src\main\AndroidManifest.xml:35:13-37:29
action#android.net.VpnService
ADDED from src\main\AndroidManifest.xml:36:17-64
	android:name
		ADDED from src\main\AndroidManifest.xml:36:25-62
uses-sdk
INJECTED from src\main\AndroidManifest.xml reason: use-sdk injection requested
INJECTED from src\main\AndroidManifest.xml
INJECTED from src\main\AndroidManifest.xml
INJECTED from src\main\AndroidManifest.xml
INJECTED from src\main\AndroidManifest.xml
	android:targetSdkVersion
		INJECTED from src\main\AndroidManifest.xml
		ADDED from src\main\AndroidManifest.xml
		INJECTED from src\main\AndroidManifest.xml
	android:minSdkVersion
		INJECTED from src\main\AndroidManifest.xml
		ADDED from src\main\AndroidManifest.xml
		INJECTED from src\main\AndroidManifest.xml